<?xml version="1.0" encoding="UTF-8"?>
<coverage generated="1708116856267" clover="3.2.0">
  <project timestamp="1708116856268" name="All files">
    <metrics statements="105" coveredstatements="82" conditionals="63" coveredconditionals="55" methods="19" coveredmethods="15" elements="187" coveredelements="152" complexity="0" loc="105" ncloc="105" packages="1" files="1" classes="1"/>
    <file name="testRefactorMethods.js" path="/Users/nick/Documents/capstone/WSIE/client/public/processingAlgorithms/testRefactorMethods.js">
      <metrics statements="105" coveredstatements="82" conditionals="63" coveredconditionals="55" methods="19" coveredmethods="15"/>
      <line num="1" count="1" type="stmt"/>
      <line num="5" count="1" type="stmt"/>
      <line num="7" count="0" type="stmt"/>
      <line num="8" count="0" type="stmt"/>
      <line num="9" count="0" type="stmt"/>
      <line num="10" count="0" type="cond" truecount="0" falsecount="2"/>
      <line num="11" count="0" type="stmt"/>
      <line num="13" count="0" type="stmt"/>
      <line num="18" count="11" type="stmt"/>
      <line num="20" count="11" type="cond" truecount="2" falsecount="0"/>
      <line num="21" count="4" type="stmt"/>
      <line num="22" count="7" type="cond" truecount="2" falsecount="0"/>
      <line num="23" count="1" type="stmt"/>
      <line num="24" count="6" type="cond" truecount="2" falsecount="0"/>
      <line num="25" count="1" type="stmt"/>
      <line num="26" count="5" type="cond" truecount="2" falsecount="0"/>
      <line num="27" count="2" type="stmt"/>
      <line num="28" count="3" type="cond" truecount="2" falsecount="0"/>
      <line num="29" count="1" type="stmt"/>
      <line num="30" count="2" type="cond" truecount="2" falsecount="0"/>
      <line num="31" count="1" type="stmt"/>
      <line num="34" count="1" type="stmt"/>
      <line num="38" count="7" type="cond" truecount="7" falsecount="0"/>
      <line num="40" count="1" type="stmt"/>
      <line num="42" count="1" type="stmt"/>
      <line num="44" count="1" type="stmt"/>
      <line num="46" count="1" type="stmt"/>
      <line num="48" count="1" type="stmt"/>
      <line num="50" count="1" type="stmt"/>
      <line num="52" count="1" type="stmt"/>
      <line num="57" count="1" type="stmt"/>
      <line num="60" count="1" type="stmt"/>
      <line num="66" count="1" type="cond" truecount="1" falsecount="1"/>
      <line num="67" count="0" type="stmt"/>
      <line num="69" count="1" type="stmt"/>
      <line num="70" count="1" type="stmt"/>
      <line num="71" count="1" type="stmt"/>
      <line num="74" count="0" type="stmt"/>
      <line num="75" count="0" type="stmt"/>
      <line num="82" count="0" type="cond" truecount="0" falsecount="2"/>
      <line num="83" count="0" type="stmt"/>
      <line num="85" count="0" type="cond" truecount="0" falsecount="2"/>
      <line num="86" count="0" type="stmt"/>
      <line num="89" count="0" type="stmt"/>
      <line num="91" count="0" type="stmt"/>
      <line num="92" count="0" type="stmt"/>
      <line num="99" count="0" type="stmt"/>
      <line num="100" count="0" type="stmt"/>
      <line num="102" count="0" type="stmt"/>
      <line num="104" count="0" type="stmt"/>
      <line num="105" count="0" type="stmt"/>
      <line num="107" count="0" type="stmt"/>
      <line num="110" count="0" type="stmt"/>
      <line num="118" count="11" type="cond" truecount="6" falsecount="0"/>
      <line num="119" count="4" type="stmt"/>
      <line num="120" count="4" type="stmt"/>
      <line num="122" count="7" type="stmt"/>
      <line num="127" count="7" type="stmt"/>
      <line num="128" count="7" type="cond" truecount="2" falsecount="0"/>
      <line num="129" count="1" type="stmt"/>
      <line num="130" count="1" type="stmt"/>
      <line num="132" count="6" type="stmt"/>
      <line num="136" count="6" type="stmt"/>
      <line num="137" count="6" type="cond" truecount="2" falsecount="0"/>
      <line num="138" count="1" type="stmt"/>
      <line num="140" count="5" type="stmt"/>
      <line num="144" count="5" type="cond" truecount="4" falsecount="0"/>
      <line num="145" count="2" type="stmt"/>
      <line num="147" count="3" type="stmt"/>
      <line num="152" count="17" type="stmt"/>
      <line num="153" count="17" type="stmt"/>
      <line num="154" count="17" type="stmt"/>
      <line num="156" count="17" type="cond" truecount="2" falsecount="0"/>
      <line num="157" count="3" type="stmt"/>
      <line num="159" count="14" type="cond" truecount="2" falsecount="0"/>
      <line num="160" count="2" type="stmt"/>
      <line num="162" count="12" type="cond" truecount="2" falsecount="0"/>
      <line num="163" count="1" type="stmt"/>
      <line num="165" count="11" type="cond" truecount="2" falsecount="0"/>
      <line num="166" count="1" type="stmt"/>
      <line num="171" count="10" type="stmt"/>
      <line num="175" count="17" type="cond" truecount="4" falsecount="0"/>
      <line num="176" count="3" type="stmt"/>
      <line num="177" count="3" type="stmt"/>
      <line num="179" count="14" type="stmt"/>
      <line num="183" count="14" type="cond" truecount="2" falsecount="0"/>
      <line num="184" count="2" type="stmt"/>
      <line num="185" count="2" type="stmt"/>
      <line num="187" count="12" type="stmt"/>
      <line num="191" count="12" type="cond" truecount="2" falsecount="0"/>
      <line num="192" count="1" type="stmt"/>
      <line num="193" count="1" type="stmt"/>
      <line num="195" count="11" type="stmt"/>
      <line num="199" count="11" type="cond" truecount="2" falsecount="0"/>
      <line num="200" count="1" type="stmt"/>
      <line num="201" count="1" type="stmt"/>
      <line num="203" count="10" type="stmt"/>
      <line num="207" count="4" type="cond" truecount="2" falsecount="0"/>
      <line num="208" count="2" type="stmt"/>
      <line num="209" count="2" type="stmt"/>
      <line num="211" count="2" type="stmt"/>
      <line num="215" count="2" type="stmt"/>
      <line num="218" count="1" type="stmt"/>
      <line num="230" count="1" type="cond" truecount="1" falsecount="1"/>
      <line num="231" count="1" type="stmt"/>
    </file>
  </project>
</coverage>
