{"/Users/nick/Documents/capstone/WSIE/client/public/processingAlgorithms/testRefactorMethods.js": {"path":"/Users/nick/Documents/capstone/WSIE/client/public/processingAlgorithms/testRefactorMethods.js","statementMap":{"0":{"start":{"line":1,"column":20},"end":{"line":222,"column":4}},"1":{"start":{"line":5,"column":25},"end":{"line":14,"column":7}},"2":{"start":{"line":6,"column":23},"end":{"line":6,"column":61}},"3":{"start":{"line":7,"column":30},"end":{"line":7,"column":63}},"4":{"start":{"line":8,"column":8},"end":{"line":8,"column":51}},"5":{"start":{"line":9,"column":8},"end":{"line":13,"column":9}},"6":{"start":{"line":10,"column":10},"end":{"line":10,"column":33}},"7":{"start":{"line":12,"column":10},"end":{"line":12,"column":37}},"8":{"start":{"line":17,"column":32},"end":{"line":17,"column":64}},"9":{"start":{"line":19,"column":8},"end":{"line":31,"column":9}},"10":{"start":{"line":20,"column":10},"end":{"line":20,"column":19}},"11":{"start":{"line":21,"column":15},"end":{"line":31,"column":9}},"12":{"start":{"line":22,"column":10},"end":{"line":22,"column":19}},"13":{"start":{"line":23,"column":15},"end":{"line":31,"column":9}},"14":{"start":{"line":24,"column":10},"end":{"line":24,"column":19}},"15":{"start":{"line":25,"column":15},"end":{"line":31,"column":9}},"16":{"start":{"line":26,"column":10},"end":{"line":26,"column":19}},"17":{"start":{"line":27,"column":15},"end":{"line":31,"column":9}},"18":{"start":{"line":28,"column":10},"end":{"line":28,"column":19}},"19":{"start":{"line":29,"column":15},"end":{"line":31,"column":9}},"20":{"start":{"line":30,"column":10},"end":{"line":30,"column":19}},"21":{"start":{"line":33,"column":8},"end":{"line":33,"column":17}},"22":{"start":{"line":37,"column":8},"end":{"line":52,"column":9}},"23":{"start":{"line":39,"column":12},"end":{"line":39,"column":64}},"24":{"start":{"line":41,"column":12},"end":{"line":41,"column":57}},"25":{"start":{"line":43,"column":12},"end":{"line":43,"column":67}},"26":{"start":{"line":45,"column":12},"end":{"line":45,"column":81}},"27":{"start":{"line":47,"column":12},"end":{"line":47,"column":152}},"28":{"start":{"line":49,"column":12},"end":{"line":49,"column":57}},"29":{"start":{"line":51,"column":12},"end":{"line":51,"column":29}},"30":{"start":{"line":56,"column":8},"end":{"line":73,"column":9}},"31":{"start":{"line":57,"column":29},"end":{"line":62,"column":14}},"32":{"start":{"line":63,"column":12},"end":{"line":65,"column":13}},"33":{"start":{"line":64,"column":12},"end":{"line":64,"column":70}},"34":{"start":{"line":66,"column":37},"end":{"line":66,"column":52}},"35":{"start":{"line":67,"column":12},"end":{"line":67,"column":86}},"36":{"start":{"line":68,"column":12},"end":{"line":68,"column":36}},"37":{"start":{"line":71,"column":12},"end":{"line":71,"column":78}},"38":{"start":{"line":72,"column":12},"end":{"line":72,"column":24}},"39":{"start":{"line":78,"column":8},"end":{"line":83,"column":9}},"40":{"start":{"line":79,"column":10},"end":{"line":79,"column":42}},"41":{"start":{"line":81,"column":13},"end":{"line":83,"column":9}},"42":{"start":{"line":82,"column":10},"end":{"line":82,"column":42}},"43":{"start":{"line":85,"column":8},"end":{"line":85,"column":85}},"44":{"start":{"line":87,"column":8},"end":{"line":87,"column":61}},"45":{"start":{"line":88,"column":23},"end":{"line":93,"column":9}},"46":{"start":{"line":95,"column":8},"end":{"line":95,"column":46}},"47":{"start":{"line":96,"column":8},"end":{"line":96,"column":59}},"48":{"start":{"line":97,"column":8},"end":{"line":97,"column":75}},"49":{"start":{"line":98,"column":8},"end":{"line":98,"column":57}},"50":{"start":{"line":99,"column":8},"end":{"line":99,"column":59}},"51":{"start":{"line":101,"column":26},"end":{"line":101,"column":43}},"52":{"start":{"line":102,"column":26},"end":{"line":102,"column":45}},"53":{"start":{"line":104,"column":8},"end":{"line":110,"column":15}},"54":{"start":{"line":106,"column":14},"end":{"line":106,"column":81}},"55":{"start":{"line":107,"column":14},"end":{"line":107,"column":26}},"56":{"start":{"line":109,"column":14},"end":{"line":109,"column":68}},"57":{"start":{"line":112,"column":8},"end":{"line":112,"column":21}},"58":{"start":{"line":117,"column":8},"end":{"line":120,"column":9}},"59":{"start":{"line":118,"column":10},"end":{"line":118,"column":46}},"60":{"start":{"line":119,"column":10},"end":{"line":119,"column":23}},"61":{"start":{"line":121,"column":8},"end":{"line":121,"column":20}},"62":{"start":{"line":126,"column":31},"end":{"line":126,"column":45}},"63":{"start":{"line":127,"column":8},"end":{"line":130,"column":9}},"64":{"start":{"line":128,"column":10},"end":{"line":128,"column":41}},"65":{"start":{"line":129,"column":10},"end":{"line":129,"column":23}},"66":{"start":{"line":131,"column":8},"end":{"line":131,"column":20}},"67":{"start":{"line":135,"column":28},"end":{"line":135,"column":42}},"68":{"start":{"line":136,"column":8},"end":{"line":138,"column":9}},"69":{"start":{"line":137,"column":10},"end":{"line":137,"column":23}},"70":{"start":{"line":139,"column":8},"end":{"line":139,"column":20}},"71":{"start":{"line":143,"column":8},"end":{"line":145,"column":9}},"72":{"start":{"line":144,"column":10},"end":{"line":144,"column":23}},"73":{"start":{"line":146,"column":8},"end":{"line":146,"column":20}},"74":{"start":{"line":151,"column":24},"end":{"line":151,"column":28}},"75":{"start":{"line":152,"column":31},"end":{"line":152,"column":38}},"76":{"start":{"line":153,"column":33},"end":{"line":153,"column":40}},"77":{"start":{"line":155,"column":30},"end":{"line":155,"column":34}},"78":{"start":{"line":156,"column":8},"end":{"line":164,"column":9}},"79":{"start":{"line":157,"column":10},"end":{"line":157,"column":34}},"80":{"start":{"line":158,"column":15},"end":{"line":164,"column":9}},"81":{"start":{"line":159,"column":10},"end":{"line":159,"column":34}},"82":{"start":{"line":160,"column":15},"end":{"line":164,"column":9}},"83":{"start":{"line":161,"column":10},"end":{"line":161,"column":34}},"84":{"start":{"line":162,"column":15},"end":{"line":164,"column":9}},"85":{"start":{"line":163,"column":10},"end":{"line":163,"column":34}},"86":{"start":{"line":165,"column":8},"end":{"line":165,"column":31}},"87":{"start":{"line":169,"column":8},"end":{"line":172,"column":9}},"88":{"start":{"line":170,"column":10},"end":{"line":170,"column":51}},"89":{"start":{"line":171,"column":10},"end":{"line":171,"column":23}},"90":{"start":{"line":173,"column":8},"end":{"line":173,"column":20}},"91":{"start":{"line":177,"column":8},"end":{"line":180,"column":9}},"92":{"start":{"line":178,"column":10},"end":{"line":178,"column":47}},"93":{"start":{"line":179,"column":10},"end":{"line":179,"column":23}},"94":{"start":{"line":181,"column":8},"end":{"line":181,"column":20}},"95":{"start":{"line":185,"column":8},"end":{"line":188,"column":9}},"96":{"start":{"line":186,"column":10},"end":{"line":186,"column":55}},"97":{"start":{"line":187,"column":10},"end":{"line":187,"column":23}},"98":{"start":{"line":189,"column":8},"end":{"line":189,"column":20}},"99":{"start":{"line":193,"column":8},"end":{"line":196,"column":9}},"100":{"start":{"line":194,"column":10},"end":{"line":194,"column":57}},"101":{"start":{"line":195,"column":10},"end":{"line":195,"column":23}},"102":{"start":{"line":197,"column":8},"end":{"line":197,"column":20}},"103":{"start":{"line":201,"column":8},"end":{"line":204,"column":9}},"104":{"start":{"line":202,"column":10},"end":{"line":202,"column":47}},"105":{"start":{"line":203,"column":10},"end":{"line":203,"column":23}},"106":{"start":{"line":205,"column":8},"end":{"line":205,"column":20}},"107":{"start":{"line":209,"column":8},"end":{"line":209,"column":28}},"108":{"start":{"line":212,"column":4},"end":{"line":221,"column":8}},"109":{"start":{"line":224,"column":0},"end":{"line":226,"column":1}},"110":{"start":{"line":225,"column":2},"end":{"line":225,"column":33}}},"fnMap":{"0":{"name":"(anonymous_0)","decl":{"start":{"line":1,"column":21},"end":{"line":1,"column":22}},"loc":{"start":{"line":1,"column":27},"end":{"line":222,"column":1}},"line":1},"1":{"name":"(anonymous_1)","decl":{"start":{"line":5,"column":25},"end":{"line":5,"column":26}},"loc":{"start":{"line":5,"column":54},"end":{"line":14,"column":7}},"line":5},"2":{"name":"checkIfUserInputIsViable","decl":{"start":{"line":16,"column":15},"end":{"line":16,"column":39}},"loc":{"start":{"line":16,"column":95},"end":{"line":34,"column":7}},"line":16},"3":{"name":"getVerificationMessage","decl":{"start":{"line":36,"column":15},"end":{"line":36,"column":37}},"loc":{"start":{"line":36,"column":63},"end":{"line":53,"column":7}},"line":36},"4":{"name":"getVerificationCode","decl":{"start":{"line":55,"column":21},"end":{"line":55,"column":40}},"loc":{"start":{"line":55,"column":43},"end":{"line":74,"column":7}},"line":55},"5":{"name":"sendEmail","decl":{"start":{"line":76,"column":15},"end":{"line":76,"column":24}},"loc":{"start":{"line":76,"column":88},"end":{"line":113,"column":7}},"line":76},"6":{"name":"(anonymous_6)","decl":{"start":{"line":105,"column":18},"end":{"line":105,"column":19}},"loc":{"start":{"line":105,"column":37},"end":{"line":108,"column":13}},"line":105},"7":{"name":"(anonymous_7)","decl":{"start":{"line":108,"column":15},"end":{"line":108,"column":16}},"loc":{"start":{"line":108,"column":31},"end":{"line":110,"column":13}},"line":108},"8":{"name":"checkIfAllFieldsAreFilledIn","decl":{"start":{"line":116,"column":15},"end":{"line":116,"column":42}},"loc":{"start":{"line":116,"column":79},"end":{"line":122,"column":7}},"line":116},"9":{"name":"checkIfEmailAddressIsValid","decl":{"start":{"line":124,"column":15},"end":{"line":124,"column":41}},"loc":{"start":{"line":124,"column":49},"end":{"line":132,"column":7}},"line":124},"10":{"name":"checkIfUserNameHasValidChars","decl":{"start":{"line":134,"column":15},"end":{"line":134,"column":43}},"loc":{"start":{"line":134,"column":54},"end":{"line":140,"column":7}},"line":134},"11":{"name":"checkIfUserNameIsCorrectLength","decl":{"start":{"line":142,"column":15},"end":{"line":142,"column":45}},"loc":{"start":{"line":142,"column":55},"end":{"line":147,"column":7}},"line":142},"12":{"name":"checkIfPasswordIsValid","decl":{"start":{"line":149,"column":15},"end":{"line":149,"column":37}},"loc":{"start":{"line":149,"column":48},"end":{"line":166,"column":7}},"line":149},"13":{"name":"checkPasswordLength","decl":{"start":{"line":168,"column":15},"end":{"line":168,"column":34}},"loc":{"start":{"line":168,"column":44},"end":{"line":174,"column":7}},"line":168},"14":{"name":"checkIfPasswordContainsNumber","decl":{"start":{"line":176,"column":15},"end":{"line":176,"column":44}},"loc":{"start":{"line":176,"column":65},"end":{"line":182,"column":7}},"line":176},"15":{"name":"checkIfPasswordContainsCapitalLetter","decl":{"start":{"line":184,"column":15},"end":{"line":184,"column":51}},"loc":{"start":{"line":184,"column":79},"end":{"line":190,"column":7}},"line":184},"16":{"name":"checkIfPasswordContainsLowercaseLetter","decl":{"start":{"line":192,"column":15},"end":{"line":192,"column":53}},"loc":{"start":{"line":192,"column":83},"end":{"line":198,"column":7}},"line":192},"17":{"name":"checkIfPasswordsMatch","decl":{"start":{"line":200,"column":15},"end":{"line":200,"column":36}},"loc":{"start":{"line":200,"column":65},"end":{"line":206,"column":7}},"line":200},"18":{"name":"isInputEmpty","decl":{"start":{"line":208,"column":15},"end":{"line":208,"column":27}},"loc":{"start":{"line":208,"column":34},"end":{"line":210,"column":7}},"line":208}},"branchMap":{"0":{"loc":{"start":{"line":9,"column":8},"end":{"line":13,"column":9}},"type":"if","locations":[{"start":{"line":9,"column":8},"end":{"line":13,"column":9}},{"start":{"line":11,"column":14},"end":{"line":13,"column":9}}],"line":9},"1":{"loc":{"start":{"line":19,"column":8},"end":{"line":31,"column":9}},"type":"if","locations":[{"start":{"line":19,"column":8},"end":{"line":31,"column":9}},{"start":{"line":21,"column":15},"end":{"line":31,"column":9}}],"line":19},"2":{"loc":{"start":{"line":21,"column":15},"end":{"line":31,"column":9}},"type":"if","locations":[{"start":{"line":21,"column":15},"end":{"line":31,"column":9}},{"start":{"line":23,"column":15},"end":{"line":31,"column":9}}],"line":21},"3":{"loc":{"start":{"line":23,"column":15},"end":{"line":31,"column":9}},"type":"if","locations":[{"start":{"line":23,"column":15},"end":{"line":31,"column":9}},{"start":{"line":25,"column":15},"end":{"line":31,"column":9}}],"line":23},"4":{"loc":{"start":{"line":25,"column":15},"end":{"line":31,"column":9}},"type":"if","locations":[{"start":{"line":25,"column":15},"end":{"line":31,"column":9}},{"start":{"line":27,"column":15},"end":{"line":31,"column":9}}],"line":25},"5":{"loc":{"start":{"line":27,"column":15},"end":{"line":31,"column":9}},"type":"if","locations":[{"start":{"line":27,"column":15},"end":{"line":31,"column":9}},{"start":{"line":29,"column":15},"end":{"line":31,"column":9}}],"line":27},"6":{"loc":{"start":{"line":29,"column":15},"end":{"line":31,"column":9}},"type":"if","locations":[{"start":{"line":29,"column":15},"end":{"line":31,"column":9}},{"start":{},"end":{}}],"line":29},"7":{"loc":{"start":{"line":37,"column":8},"end":{"line":52,"column":9}},"type":"switch","locations":[{"start":{"line":38,"column":10},"end":{"line":39,"column":64}},{"start":{"line":40,"column":10},"end":{"line":41,"column":57}},{"start":{"line":42,"column":10},"end":{"line":43,"column":67}},{"start":{"line":44,"column":10},"end":{"line":45,"column":81}},{"start":{"line":46,"column":10},"end":{"line":47,"column":152}},{"start":{"line":48,"column":10},"end":{"line":49,"column":57}},{"start":{"line":50,"column":10},"end":{"line":51,"column":29}}],"line":37},"8":{"loc":{"start":{"line":63,"column":12},"end":{"line":65,"column":13}},"type":"if","locations":[{"start":{"line":63,"column":12},"end":{"line":65,"column":13}},{"start":{},"end":{}}],"line":63},"9":{"loc":{"start":{"line":78,"column":8},"end":{"line":83,"column":9}},"type":"if","locations":[{"start":{"line":78,"column":8},"end":{"line":83,"column":9}},{"start":{"line":81,"column":13},"end":{"line":83,"column":9}}],"line":78},"10":{"loc":{"start":{"line":81,"column":13},"end":{"line":83,"column":9}},"type":"if","locations":[{"start":{"line":81,"column":13},"end":{"line":83,"column":9}},{"start":{},"end":{}}],"line":81},"11":{"loc":{"start":{"line":117,"column":8},"end":{"line":120,"column":9}},"type":"if","locations":[{"start":{"line":117,"column":8},"end":{"line":120,"column":9}},{"start":{},"end":{}}],"line":117},"12":{"loc":{"start":{"line":117,"column":11},"end":{"line":117,"column":80}},"type":"binary-expr","locations":[{"start":{"line":117,"column":11},"end":{"line":117,"column":26}},{"start":{"line":117,"column":30},"end":{"line":117,"column":42}},{"start":{"line":117,"column":46},"end":{"line":117,"column":61}},{"start":{"line":117,"column":65},"end":{"line":117,"column":80}}],"line":117},"13":{"loc":{"start":{"line":127,"column":8},"end":{"line":130,"column":9}},"type":"if","locations":[{"start":{"line":127,"column":8},"end":{"line":130,"column":9}},{"start":{},"end":{}}],"line":127},"14":{"loc":{"start":{"line":136,"column":8},"end":{"line":138,"column":9}},"type":"if","locations":[{"start":{"line":136,"column":8},"end":{"line":138,"column":9}},{"start":{},"end":{}}],"line":136},"15":{"loc":{"start":{"line":143,"column":8},"end":{"line":145,"column":9}},"type":"if","locations":[{"start":{"line":143,"column":8},"end":{"line":145,"column":9}},{"start":{},"end":{}}],"line":143},"16":{"loc":{"start":{"line":143,"column":11},"end":{"line":143,"column":54}},"type":"binary-expr","locations":[{"start":{"line":143,"column":11},"end":{"line":143,"column":31}},{"start":{"line":143,"column":35},"end":{"line":143,"column":54}}],"line":143},"17":{"loc":{"start":{"line":156,"column":8},"end":{"line":164,"column":9}},"type":"if","locations":[{"start":{"line":156,"column":8},"end":{"line":164,"column":9}},{"start":{"line":158,"column":15},"end":{"line":164,"column":9}}],"line":156},"18":{"loc":{"start":{"line":158,"column":15},"end":{"line":164,"column":9}},"type":"if","locations":[{"start":{"line":158,"column":15},"end":{"line":164,"column":9}},{"start":{"line":160,"column":15},"end":{"line":164,"column":9}}],"line":158},"19":{"loc":{"start":{"line":160,"column":15},"end":{"line":164,"column":9}},"type":"if","locations":[{"start":{"line":160,"column":15},"end":{"line":164,"column":9}},{"start":{"line":162,"column":15},"end":{"line":164,"column":9}}],"line":160},"20":{"loc":{"start":{"line":162,"column":15},"end":{"line":164,"column":9}},"type":"if","locations":[{"start":{"line":162,"column":15},"end":{"line":164,"column":9}},{"start":{},"end":{}}],"line":162},"21":{"loc":{"start":{"line":169,"column":8},"end":{"line":172,"column":9}},"type":"if","locations":[{"start":{"line":169,"column":8},"end":{"line":172,"column":9}},{"start":{},"end":{}}],"line":169},"22":{"loc":{"start":{"line":169,"column":11},"end":{"line":169,"column":54}},"type":"binary-expr","locations":[{"start":{"line":169,"column":11},"end":{"line":169,"column":31}},{"start":{"line":169,"column":35},"end":{"line":169,"column":54}}],"line":169},"23":{"loc":{"start":{"line":177,"column":8},"end":{"line":180,"column":9}},"type":"if","locations":[{"start":{"line":177,"column":8},"end":{"line":180,"column":9}},{"start":{},"end":{}}],"line":177},"24":{"loc":{"start":{"line":185,"column":8},"end":{"line":188,"column":9}},"type":"if","locations":[{"start":{"line":185,"column":8},"end":{"line":188,"column":9}},{"start":{},"end":{}}],"line":185},"25":{"loc":{"start":{"line":193,"column":8},"end":{"line":196,"column":9}},"type":"if","locations":[{"start":{"line":193,"column":8},"end":{"line":196,"column":9}},{"start":{},"end":{}}],"line":193},"26":{"loc":{"start":{"line":201,"column":8},"end":{"line":204,"column":9}},"type":"if","locations":[{"start":{"line":201,"column":8},"end":{"line":204,"column":9}},{"start":{},"end":{}}],"line":201},"27":{"loc":{"start":{"line":224,"column":0},"end":{"line":226,"column":1}},"type":"if","locations":[{"start":{"line":224,"column":0},"end":{"line":226,"column":1}},{"start":{},"end":{}}],"line":224}},"s":{"0":2,"1":2,"2":0,"3":0,"4":0,"5":0,"6":0,"7":0,"8":11,"9":11,"10":4,"11":7,"12":1,"13":6,"14":1,"15":5,"16":2,"17":3,"18":1,"19":2,"20":1,"21":1,"22":7,"23":1,"24":1,"25":1,"26":1,"27":1,"28":1,"29":1,"30":1,"31":1,"32":1,"33":0,"34":1,"35":1,"36":1,"37":0,"38":0,"39":1,"40":1,"41":0,"42":0,"43":1,"44":1,"45":1,"46":1,"47":1,"48":1,"49":1,"50":1,"51":1,"52":1,"53":1,"54":1,"55":1,"56":0,"57":1,"58":11,"59":4,"60":4,"61":7,"62":7,"63":7,"64":1,"65":1,"66":6,"67":6,"68":6,"69":1,"70":5,"71":5,"72":2,"73":3,"74":17,"75":17,"76":17,"77":17,"78":17,"79":3,"80":14,"81":2,"82":12,"83":1,"84":11,"85":1,"86":17,"87":17,"88":3,"89":3,"90":14,"91":14,"92":2,"93":2,"94":12,"95":12,"96":1,"97":1,"98":11,"99":11,"100":1,"101":1,"102":10,"103":4,"104":2,"105":2,"106":2,"107":2,"108":2,"109":2,"110":2},"f":{"0":2,"1":0,"2":11,"3":7,"4":1,"5":1,"6":1,"7":0,"8":11,"9":7,"10":6,"11":5,"12":17,"13":17,"14":14,"15":12,"16":11,"17":4,"18":2},"b":{"0":[0,0],"1":[4,7],"2":[1,6],"3":[1,5],"4":[2,3],"5":[1,2],"6":[1,1],"7":[1,1,1,1,1,1,1],"8":[0,1],"9":[1,0],"10":[0,0],"11":[4,7],"12":[11,10,9,8],"13":[1,6],"14":[1,5],"15":[2,3],"16":[5,4],"17":[3,14],"18":[2,12],"19":[1,11],"20":[1,10],"21":[3,14],"22":[17,16],"23":[2,12],"24":[1,11],"25":[1,10],"26":[2,2],"27":[2,0]},"_coverageSchema":"1a1c01bbd47fc00a2c39e90264f33305004495a9","hash":"f7f3b80fe8020b90efa9545f1720349f9a64103c"}
,"/Users/nick/Documents/capstone/WSIE/client/public/processingAlgorithms/verificationCode.js": {"path":"/Users/nick/Documents/capstone/WSIE/client/public/processingAlgorithms/verificationCode.js","statementMap":{"0":{"start":{"line":4,"column":26},"end":{"line":287,"column":4}},"1":{"start":{"line":5,"column":40},"end":{"line":62,"column":3}},"2":{"start":{"line":6,"column":4},"end":{"line":6,"column":27}},"3":{"start":{"line":7,"column":4},"end":{"line":7,"column":54}},"4":{"start":{"line":8,"column":4},"end":{"line":8,"column":42}},"5":{"start":{"line":10,"column":21},"end":{"line":10,"column":74}},"6":{"start":{"line":11,"column":21},"end":{"line":11,"column":74}},"7":{"start":{"line":12,"column":28},"end":{"line":12,"column":71}},"8":{"start":{"line":13,"column":36},"end":{"line":13,"column":96}},"9":{"start":{"line":14,"column":4},"end":{"line":23,"column":5}},"10":{"start":{"line":15,"column":8},"end":{"line":15,"column":72}},"11":{"start":{"line":16,"column":8},"end":{"line":16,"column":21}},"12":{"start":{"line":17,"column":11},"end":{"line":23,"column":5}},"13":{"start":{"line":18,"column":8},"end":{"line":18,"column":63}},"14":{"start":{"line":19,"column":8},"end":{"line":19,"column":21}},"15":{"start":{"line":20,"column":11},"end":{"line":23,"column":5}},"16":{"start":{"line":21,"column":8},"end":{"line":21,"column":65}},"17":{"start":{"line":22,"column":8},"end":{"line":22,"column":21}},"18":{"start":{"line":25,"column":4},"end":{"line":60,"column":7}},"19":{"start":{"line":36,"column":4},"end":{"line":44,"column":5}},"20":{"start":{"line":37,"column":6},"end":{"line":37,"column":38}},"21":{"start":{"line":38,"column":6},"end":{"line":38,"column":116}},"22":{"start":{"line":39,"column":6},"end":{"line":39,"column":42}},"23":{"start":{"line":40,"column":10},"end":{"line":44,"column":5}},"24":{"start":{"line":41,"column":8},"end":{"line":41,"column":42}},"25":{"start":{"line":42,"column":8},"end":{"line":42,"column":60}},"26":{"start":{"line":43,"column":8},"end":{"line":43,"column":46}},"27":{"start":{"line":45,"column":4},"end":{"line":45,"column":27}},"28":{"start":{"line":48,"column":4},"end":{"line":48,"column":49}},"29":{"start":{"line":50,"column":32},"end":{"line":50,"column":138}},"30":{"start":{"line":51,"column":4},"end":{"line":51,"column":52}},"31":{"start":{"line":54,"column":4},"end":{"line":54,"column":41}},"32":{"start":{"line":55,"column":4},"end":{"line":59,"column":5}},"33":{"start":{"line":56,"column":6},"end":{"line":56,"column":116}},"34":{"start":{"line":58,"column":6},"end":{"line":58,"column":102}},"35":{"start":{"line":61,"column":4},"end":{"line":61,"column":17}},"36":{"start":{"line":64,"column":38},"end":{"line":120,"column":3}},"37":{"start":{"line":65,"column":8},"end":{"line":65,"column":31}},"38":{"start":{"line":66,"column":8},"end":{"line":66,"column":58}},"39":{"start":{"line":68,"column":25},"end":{"line":68,"column":78}},"40":{"start":{"line":69,"column":32},"end":{"line":69,"column":75}},"41":{"start":{"line":71,"column":40},"end":{"line":71,"column":100}},"42":{"start":{"line":73,"column":8},"end":{"line":79,"column":9}},"43":{"start":{"line":74,"column":10},"end":{"line":74,"column":74}},"44":{"start":{"line":75,"column":10},"end":{"line":75,"column":23}},"45":{"start":{"line":76,"column":15},"end":{"line":79,"column":9}},"46":{"start":{"line":77,"column":10},"end":{"line":77,"column":65}},"47":{"start":{"line":78,"column":10},"end":{"line":78,"column":23}},"48":{"start":{"line":81,"column":8},"end":{"line":117,"column":13}},"49":{"start":{"line":92,"column":12},"end":{"line":100,"column":13}},"50":{"start":{"line":93,"column":14},"end":{"line":93,"column":46}},"51":{"start":{"line":94,"column":14},"end":{"line":94,"column":124}},"52":{"start":{"line":95,"column":14},"end":{"line":95,"column":50}},"53":{"start":{"line":96,"column":19},"end":{"line":100,"column":13}},"54":{"start":{"line":97,"column":14},"end":{"line":97,"column":48}},"55":{"start":{"line":98,"column":14},"end":{"line":98,"column":66}},"56":{"start":{"line":99,"column":14},"end":{"line":99,"column":52}},"57":{"start":{"line":101,"column":12},"end":{"line":101,"column":35}},"58":{"start":{"line":104,"column":12},"end":{"line":104,"column":57}},"59":{"start":{"line":107,"column":40},"end":{"line":107,"column":124}},"60":{"start":{"line":108,"column":12},"end":{"line":108,"column":60}},"61":{"start":{"line":111,"column":12},"end":{"line":111,"column":49}},"62":{"start":{"line":112,"column":12},"end":{"line":116,"column":13}},"63":{"start":{"line":113,"column":14},"end":{"line":113,"column":124}},"64":{"start":{"line":115,"column":14},"end":{"line":115,"column":110}},"65":{"start":{"line":119,"column":10},"end":{"line":119,"column":23}},"66":{"start":{"line":122,"column":38},"end":{"line":174,"column":3}},"67":{"start":{"line":123,"column":4},"end":{"line":123,"column":27}},"68":{"start":{"line":124,"column":4},"end":{"line":124,"column":54}},"69":{"start":{"line":126,"column":21},"end":{"line":126,"column":74}},"70":{"start":{"line":127,"column":28},"end":{"line":127,"column":71}},"71":{"start":{"line":128,"column":21},"end":{"line":128,"column":74}},"72":{"start":{"line":129,"column":18},"end":{"line":129,"column":68}},"73":{"start":{"line":131,"column":4},"end":{"line":140,"column":5}},"74":{"start":{"line":132,"column":6},"end":{"line":132,"column":70}},"75":{"start":{"line":133,"column":6},"end":{"line":133,"column":19}},"76":{"start":{"line":134,"column":11},"end":{"line":140,"column":5}},"77":{"start":{"line":135,"column":8},"end":{"line":135,"column":63}},"78":{"start":{"line":136,"column":8},"end":{"line":136,"column":21}},"79":{"start":{"line":137,"column":11},"end":{"line":140,"column":5}},"80":{"start":{"line":138,"column":8},"end":{"line":138,"column":60}},"81":{"start":{"line":139,"column":8},"end":{"line":139,"column":21}},"82":{"start":{"line":141,"column":29},"end":{"line":141,"column":70}},"83":{"start":{"line":142,"column":4},"end":{"line":142,"column":58}},"84":{"start":{"line":144,"column":4},"end":{"line":171,"column":11}},"85":{"start":{"line":155,"column":8},"end":{"line":159,"column":9}},"86":{"start":{"line":156,"column":12},"end":{"line":156,"column":46}},"87":{"start":{"line":157,"column":12},"end":{"line":157,"column":64}},"88":{"start":{"line":158,"column":12},"end":{"line":158,"column":50}},"89":{"start":{"line":160,"column":8},"end":{"line":160,"column":31}},"90":{"start":{"line":163,"column":8},"end":{"line":163,"column":54}},"91":{"start":{"line":166,"column":27},"end":{"line":166,"column":159}},"92":{"start":{"line":167,"column":8},"end":{"line":167,"column":47}},"93":{"start":{"line":170,"column":8},"end":{"line":170,"column":45}},"94":{"start":{"line":173,"column":8},"end":{"line":173,"column":21}},"95":{"start":{"line":177,"column":4},"end":{"line":177,"column":27}},"96":{"start":{"line":178,"column":4},"end":{"line":178,"column":54}},"97":{"start":{"line":180,"column":21},"end":{"line":180,"column":74}},"98":{"start":{"line":181,"column":28},"end":{"line":181,"column":71}},"99":{"start":{"line":183,"column":4},"end":{"line":186,"column":5}},"100":{"start":{"line":184,"column":6},"end":{"line":184,"column":61}},"101":{"start":{"line":185,"column":6},"end":{"line":185,"column":19}},"102":{"start":{"line":187,"column":18},"end":{"line":187,"column":46}},"103":{"start":{"line":189,"column":29},"end":{"line":189,"column":70}},"104":{"start":{"line":190,"column":4},"end":{"line":190,"column":58}},"105":{"start":{"line":192,"column":4},"end":{"line":219,"column":11}},"106":{"start":{"line":203,"column":8},"end":{"line":207,"column":9}},"107":{"start":{"line":204,"column":12},"end":{"line":204,"column":46}},"108":{"start":{"line":205,"column":12},"end":{"line":205,"column":64}},"109":{"start":{"line":206,"column":12},"end":{"line":206,"column":50}},"110":{"start":{"line":208,"column":8},"end":{"line":208,"column":31}},"111":{"start":{"line":211,"column":8},"end":{"line":211,"column":54}},"112":{"start":{"line":214,"column":27},"end":{"line":214,"column":159}},"113":{"start":{"line":215,"column":8},"end":{"line":215,"column":47}},"114":{"start":{"line":218,"column":8},"end":{"line":218,"column":45}},"115":{"start":{"line":221,"column":6},"end":{"line":221,"column":19}},"116":{"start":{"line":226,"column":4},"end":{"line":226,"column":56}},"117":{"start":{"line":228,"column":4},"end":{"line":228,"column":57}},"118":{"start":{"line":229,"column":19},"end":{"line":233,"column":5}},"119":{"start":{"line":236,"column":22},"end":{"line":236,"column":39}},"120":{"start":{"line":237,"column":23},"end":{"line":237,"column":41}},"121":{"start":{"line":238,"column":22},"end":{"line":238,"column":41}},"122":{"start":{"line":240,"column":4},"end":{"line":246,"column":11}},"123":{"start":{"line":242,"column":12},"end":{"line":242,"column":79}},"124":{"start":{"line":243,"column":12},"end":{"line":243,"column":24}},"125":{"start":{"line":245,"column":12},"end":{"line":245,"column":66}},"126":{"start":{"line":248,"column":4},"end":{"line":248,"column":17}},"127":{"start":{"line":252,"column":28},"end":{"line":252,"column":71}},"128":{"start":{"line":253,"column":18},"end":{"line":274,"column":10}},"129":{"start":{"line":263,"column":10},"end":{"line":267,"column":11}},"130":{"start":{"line":264,"column":12},"end":{"line":264,"column":46}},"131":{"start":{"line":265,"column":12},"end":{"line":265,"column":64}},"132":{"start":{"line":266,"column":12},"end":{"line":266,"column":50}},"133":{"start":{"line":268,"column":10},"end":{"line":268,"column":33}},"134":{"start":{"line":270,"column":12},"end":{"line":270,"column":30}},"135":{"start":{"line":273,"column":10},"end":{"line":273,"column":47}},"136":{"start":{"line":275,"column":8},"end":{"line":275,"column":21}},"137":{"start":{"line":278,"column":2},"end":{"line":285,"column":3}},"138":{"start":{"line":289,"column":0},"end":{"line":291,"column":1}},"139":{"start":{"line":290,"column":2},"end":{"line":290,"column":39}}},"fnMap":{"0":{"name":"(anonymous_0)","decl":{"start":{"line":4,"column":27},"end":{"line":4,"column":28}},"loc":{"start":{"line":4,"column":33},"end":{"line":287,"column":1}},"line":4},"1":{"name":"(anonymous_1)","decl":{"start":{"line":5,"column":40},"end":{"line":5,"column":41}},"loc":{"start":{"line":5,"column":51},"end":{"line":62,"column":3}},"line":5},"2":{"name":"(anonymous_2)","decl":{"start":{"line":35,"column":10},"end":{"line":35,"column":11}},"loc":{"start":{"line":35,"column":22},"end":{"line":46,"column":5}},"line":35},"3":{"name":"(anonymous_3)","decl":{"start":{"line":47,"column":10},"end":{"line":47,"column":11}},"loc":{"start":{"line":47,"column":26},"end":{"line":52,"column":5}},"line":47},"4":{"name":"(anonymous_4)","decl":{"start":{"line":53,"column":11},"end":{"line":53,"column":12}},"loc":{"start":{"line":53,"column":20},"end":{"line":60,"column":5}},"line":53},"5":{"name":"(anonymous_5)","decl":{"start":{"line":64,"column":38},"end":{"line":64,"column":39}},"loc":{"start":{"line":64,"column":49},"end":{"line":120,"column":3}},"line":64},"6":{"name":"(anonymous_6)","decl":{"start":{"line":91,"column":16},"end":{"line":91,"column":17}},"loc":{"start":{"line":91,"column":28},"end":{"line":102,"column":11}},"line":91},"7":{"name":"(anonymous_7)","decl":{"start":{"line":103,"column":16},"end":{"line":103,"column":17}},"loc":{"start":{"line":103,"column":32},"end":{"line":109,"column":11}},"line":103},"8":{"name":"(anonymous_8)","decl":{"start":{"line":110,"column":17},"end":{"line":110,"column":18}},"loc":{"start":{"line":110,"column":26},"end":{"line":117,"column":11}},"line":110},"9":{"name":"(anonymous_9)","decl":{"start":{"line":122,"column":38},"end":{"line":122,"column":39}},"loc":{"start":{"line":122,"column":55},"end":{"line":174,"column":3}},"line":122},"10":{"name":"(anonymous_10)","decl":{"start":{"line":154,"column":14},"end":{"line":154,"column":15}},"loc":{"start":{"line":154,"column":26},"end":{"line":161,"column":9}},"line":154},"11":{"name":"(anonymous_11)","decl":{"start":{"line":162,"column":14},"end":{"line":162,"column":15}},"loc":{"start":{"line":162,"column":28},"end":{"line":168,"column":9}},"line":162},"12":{"name":"(anonymous_12)","decl":{"start":{"line":169,"column":15},"end":{"line":169,"column":16}},"loc":{"start":{"line":169,"column":24},"end":{"line":171,"column":9}},"line":169},"13":{"name":"resendVerificationStatusLogin","decl":{"start":{"line":176,"column":17},"end":{"line":176,"column":46}},"loc":{"start":{"line":176,"column":53},"end":{"line":222,"column":5}},"line":176},"14":{"name":"(anonymous_14)","decl":{"start":{"line":202,"column":14},"end":{"line":202,"column":15}},"loc":{"start":{"line":202,"column":26},"end":{"line":209,"column":9}},"line":202},"15":{"name":"(anonymous_15)","decl":{"start":{"line":210,"column":14},"end":{"line":210,"column":15}},"loc":{"start":{"line":210,"column":28},"end":{"line":216,"column":9}},"line":210},"16":{"name":"(anonymous_16)","decl":{"start":{"line":217,"column":15},"end":{"line":217,"column":16}},"loc":{"start":{"line":217,"column":24},"end":{"line":219,"column":9}},"line":217},"17":{"name":"sendEmail","decl":{"start":{"line":225,"column":11},"end":{"line":225,"column":20}},"loc":{"start":{"line":225,"column":64},"end":{"line":249,"column":3}},"line":225},"18":{"name":"(anonymous_18)","decl":{"start":{"line":241,"column":14},"end":{"line":241,"column":15}},"loc":{"start":{"line":241,"column":33},"end":{"line":244,"column":9}},"line":241},"19":{"name":"(anonymous_19)","decl":{"start":{"line":244,"column":11},"end":{"line":244,"column":12}},"loc":{"start":{"line":244,"column":27},"end":{"line":246,"column":9}},"line":244},"20":{"name":"getUserEmail","decl":{"start":{"line":251,"column":17},"end":{"line":251,"column":29}},"loc":{"start":{"line":251,"column":39},"end":{"line":276,"column":3}},"line":251},"21":{"name":"(anonymous_21)","decl":{"start":{"line":262,"column":14},"end":{"line":262,"column":15}},"loc":{"start":{"line":262,"column":26},"end":{"line":269,"column":9}},"line":262},"22":{"name":"(anonymous_22)","decl":{"start":{"line":269,"column":16},"end":{"line":269,"column":17}},"loc":{"start":{"line":269,"column":24},"end":{"line":271,"column":9}},"line":269},"23":{"name":"(anonymous_23)","decl":{"start":{"line":272,"column":15},"end":{"line":272,"column":16}},"loc":{"start":{"line":272,"column":24},"end":{"line":274,"column":9}},"line":272}},"branchMap":{"0":{"loc":{"start":{"line":10,"column":21},"end":{"line":10,"column":74}},"type":"binary-expr","locations":[{"start":{"line":10,"column":21},"end":{"line":10,"column":68}},{"start":{"line":10,"column":72},"end":{"line":10,"column":74}}],"line":10},"1":{"loc":{"start":{"line":11,"column":21},"end":{"line":11,"column":74}},"type":"binary-expr","locations":[{"start":{"line":11,"column":21},"end":{"line":11,"column":68}},{"start":{"line":11,"column":72},"end":{"line":11,"column":74}}],"line":11},"2":{"loc":{"start":{"line":13,"column":36},"end":{"line":13,"column":96}},"type":"binary-expr","locations":[{"start":{"line":13,"column":36},"end":{"line":13,"column":90}},{"start":{"line":13,"column":94},"end":{"line":13,"column":96}}],"line":13},"3":{"loc":{"start":{"line":14,"column":4},"end":{"line":23,"column":5}},"type":"if","locations":[{"start":{"line":14,"column":4},"end":{"line":23,"column":5}},{"start":{"line":17,"column":11},"end":{"line":23,"column":5}}],"line":14},"4":{"loc":{"start":{"line":17,"column":11},"end":{"line":23,"column":5}},"type":"if","locations":[{"start":{"line":17,"column":11},"end":{"line":23,"column":5}},{"start":{"line":20,"column":11},"end":{"line":23,"column":5}}],"line":17},"5":{"loc":{"start":{"line":20,"column":11},"end":{"line":23,"column":5}},"type":"if","locations":[{"start":{"line":20,"column":11},"end":{"line":23,"column":5}},{"start":{},"end":{}}],"line":20},"6":{"loc":{"start":{"line":36,"column":4},"end":{"line":44,"column":5}},"type":"if","locations":[{"start":{"line":36,"column":4},"end":{"line":44,"column":5}},{"start":{"line":40,"column":10},"end":{"line":44,"column":5}}],"line":36},"7":{"loc":{"start":{"line":40,"column":10},"end":{"line":44,"column":5}},"type":"if","locations":[{"start":{"line":40,"column":10},"end":{"line":44,"column":5}},{"start":{},"end":{}}],"line":40},"8":{"loc":{"start":{"line":55,"column":4},"end":{"line":59,"column":5}},"type":"if","locations":[{"start":{"line":55,"column":4},"end":{"line":59,"column":5}},{"start":{"line":57,"column":10},"end":{"line":59,"column":5}}],"line":55},"9":{"loc":{"start":{"line":68,"column":25},"end":{"line":68,"column":78}},"type":"binary-expr","locations":[{"start":{"line":68,"column":25},"end":{"line":68,"column":72}},{"start":{"line":68,"column":76},"end":{"line":68,"column":78}}],"line":68},"10":{"loc":{"start":{"line":71,"column":40},"end":{"line":71,"column":100}},"type":"binary-expr","locations":[{"start":{"line":71,"column":40},"end":{"line":71,"column":94}},{"start":{"line":71,"column":98},"end":{"line":71,"column":100}}],"line":71},"11":{"loc":{"start":{"line":73,"column":8},"end":{"line":79,"column":9}},"type":"if","locations":[{"start":{"line":73,"column":8},"end":{"line":79,"column":9}},{"start":{"line":76,"column":15},"end":{"line":79,"column":9}}],"line":73},"12":{"loc":{"start":{"line":76,"column":15},"end":{"line":79,"column":9}},"type":"if","locations":[{"start":{"line":76,"column":15},"end":{"line":79,"column":9}},{"start":{},"end":{}}],"line":76},"13":{"loc":{"start":{"line":92,"column":12},"end":{"line":100,"column":13}},"type":"if","locations":[{"start":{"line":92,"column":12},"end":{"line":100,"column":13}},{"start":{"line":96,"column":19},"end":{"line":100,"column":13}}],"line":92},"14":{"loc":{"start":{"line":96,"column":19},"end":{"line":100,"column":13}},"type":"if","locations":[{"start":{"line":96,"column":19},"end":{"line":100,"column":13}},{"start":{},"end":{}}],"line":96},"15":{"loc":{"start":{"line":112,"column":12},"end":{"line":116,"column":13}},"type":"if","locations":[{"start":{"line":112,"column":12},"end":{"line":116,"column":13}},{"start":{"line":114,"column":18},"end":{"line":116,"column":13}}],"line":112},"16":{"loc":{"start":{"line":126,"column":21},"end":{"line":126,"column":74}},"type":"binary-expr","locations":[{"start":{"line":126,"column":21},"end":{"line":126,"column":68}},{"start":{"line":126,"column":72},"end":{"line":126,"column":74}}],"line":126},"17":{"loc":{"start":{"line":128,"column":21},"end":{"line":128,"column":74}},"type":"binary-expr","locations":[{"start":{"line":128,"column":21},"end":{"line":128,"column":68}},{"start":{"line":128,"column":72},"end":{"line":128,"column":74}}],"line":128},"18":{"loc":{"start":{"line":129,"column":18},"end":{"line":129,"column":68}},"type":"binary-expr","locations":[{"start":{"line":129,"column":18},"end":{"line":129,"column":62}},{"start":{"line":129,"column":66},"end":{"line":129,"column":68}}],"line":129},"19":{"loc":{"start":{"line":131,"column":4},"end":{"line":140,"column":5}},"type":"if","locations":[{"start":{"line":131,"column":4},"end":{"line":140,"column":5}},{"start":{"line":134,"column":11},"end":{"line":140,"column":5}}],"line":131},"20":{"loc":{"start":{"line":134,"column":11},"end":{"line":140,"column":5}},"type":"if","locations":[{"start":{"line":134,"column":11},"end":{"line":140,"column":5}},{"start":{"line":137,"column":11},"end":{"line":140,"column":5}}],"line":134},"21":{"loc":{"start":{"line":137,"column":11},"end":{"line":140,"column":5}},"type":"if","locations":[{"start":{"line":137,"column":11},"end":{"line":140,"column":5}},{"start":{},"end":{}}],"line":137},"22":{"loc":{"start":{"line":155,"column":8},"end":{"line":159,"column":9}},"type":"if","locations":[{"start":{"line":155,"column":8},"end":{"line":159,"column":9}},{"start":{},"end":{}}],"line":155},"23":{"loc":{"start":{"line":180,"column":21},"end":{"line":180,"column":74}},"type":"binary-expr","locations":[{"start":{"line":180,"column":21},"end":{"line":180,"column":68}},{"start":{"line":180,"column":72},"end":{"line":180,"column":74}}],"line":180},"24":{"loc":{"start":{"line":183,"column":4},"end":{"line":186,"column":5}},"type":"if","locations":[{"start":{"line":183,"column":4},"end":{"line":186,"column":5}},{"start":{},"end":{}}],"line":183},"25":{"loc":{"start":{"line":203,"column":8},"end":{"line":207,"column":9}},"type":"if","locations":[{"start":{"line":203,"column":8},"end":{"line":207,"column":9}},{"start":{},"end":{}}],"line":203},"26":{"loc":{"start":{"line":263,"column":10},"end":{"line":267,"column":11}},"type":"if","locations":[{"start":{"line":263,"column":10},"end":{"line":267,"column":11}},{"start":{},"end":{}}],"line":263},"27":{"loc":{"start":{"line":289,"column":0},"end":{"line":291,"column":1}},"type":"if","locations":[{"start":{"line":289,"column":0},"end":{"line":291,"column":1}},{"start":{},"end":{}}],"line":289}},"s":{"0":1,"1":1,"2":3,"3":3,"4":3,"5":3,"6":3,"7":3,"8":3,"9":3,"10":0,"11":0,"12":3,"13":0,"14":0,"15":3,"16":0,"17":0,"18":3,"19":3,"20":1,"21":1,"22":1,"23":2,"24":1,"25":1,"26":1,"27":1,"28":1,"29":1,"30":1,"31":2,"32":2,"33":1,"34":1,"35":3,"36":1,"37":3,"38":3,"39":3,"40":3,"41":3,"42":3,"43":0,"44":0,"45":3,"46":0,"47":0,"48":3,"49":3,"50":1,"51":1,"52":1,"53":2,"54":1,"55":1,"56":1,"57":1,"58":1,"59":1,"60":1,"61":2,"62":2,"63":1,"64":1,"65":3,"66":1,"67":1,"68":1,"69":1,"70":1,"71":1,"72":1,"73":1,"74":0,"75":0,"76":1,"77":0,"78":0,"79":1,"80":0,"81":0,"82":1,"83":1,"84":1,"85":1,"86":0,"87":0,"88":0,"89":1,"90":1,"91":1,"92":1,"93":0,"94":1,"95":1,"96":1,"97":1,"98":1,"99":1,"100":0,"101":0,"102":1,"103":1,"104":1,"105":1,"106":1,"107":0,"108":0,"109":0,"110":1,"111":1,"112":1,"113":1,"114":0,"115":1,"116":3,"117":3,"118":3,"119":3,"120":3,"121":3,"122":3,"123":3,"124":3,"125":0,"126":3,"127":3,"128":3,"129":3,"130":1,"131":1,"132":1,"133":2,"134":2,"135":1,"136":3,"137":1,"138":1,"139":1},"f":{"0":1,"1":3,"2":3,"3":1,"4":2,"5":3,"6":3,"7":1,"8":2,"9":1,"10":1,"11":1,"12":0,"13":1,"14":1,"15":1,"16":0,"17":3,"18":3,"19":0,"20":3,"21":3,"22":2,"23":1},"b":{"0":[3,0],"1":[3,0],"2":[3,0],"3":[0,3],"4":[0,3],"5":[0,3],"6":[1,2],"7":[1,1],"8":[1,1],"9":[3,0],"10":[3,0],"11":[0,3],"12":[0,3],"13":[1,2],"14":[1,1],"15":[1,1],"16":[1,0],"17":[1,0],"18":[1,0],"19":[0,1],"20":[0,1],"21":[0,1],"22":[0,1],"23":[1,0],"24":[0,1],"25":[0,1],"26":[1,2],"27":[1,0]},"_coverageSchema":"1a1c01bbd47fc00a2c39e90264f33305004495a9","hash":"2f8daa91a15540b097c033b4b2e97897154f9f8f"}
}
