{"/Users/nick/Documents/capstone/WSIE/client/public/processingAlgorithms/testRefactorMethods.js": {"path":"/Users/nick/Documents/capstone/WSIE/client/public/processingAlgorithms/testRefactorMethods.js","statementMap":{"0":{"start":{"line":1,"column":20},"end":{"line":228,"column":4}},"1":{"start":{"line":5,"column":25},"end":{"line":15,"column":7}},"2":{"start":{"line":7,"column":23},"end":{"line":7,"column":61}},"3":{"start":{"line":8,"column":30},"end":{"line":8,"column":63}},"4":{"start":{"line":9,"column":8},"end":{"line":9,"column":51}},"5":{"start":{"line":10,"column":8},"end":{"line":14,"column":9}},"6":{"start":{"line":11,"column":10},"end":{"line":11,"column":33}},"7":{"start":{"line":13,"column":10},"end":{"line":13,"column":37}},"8":{"start":{"line":18,"column":32},"end":{"line":18,"column":64}},"9":{"start":{"line":20,"column":8},"end":{"line":32,"column":9}},"10":{"start":{"line":21,"column":10},"end":{"line":21,"column":19}},"11":{"start":{"line":22,"column":15},"end":{"line":32,"column":9}},"12":{"start":{"line":23,"column":10},"end":{"line":23,"column":19}},"13":{"start":{"line":24,"column":15},"end":{"line":32,"column":9}},"14":{"start":{"line":25,"column":10},"end":{"line":25,"column":19}},"15":{"start":{"line":26,"column":15},"end":{"line":32,"column":9}},"16":{"start":{"line":27,"column":10},"end":{"line":27,"column":19}},"17":{"start":{"line":28,"column":15},"end":{"line":32,"column":9}},"18":{"start":{"line":29,"column":10},"end":{"line":29,"column":19}},"19":{"start":{"line":30,"column":15},"end":{"line":32,"column":9}},"20":{"start":{"line":31,"column":10},"end":{"line":31,"column":19}},"21":{"start":{"line":34,"column":8},"end":{"line":34,"column":17}},"22":{"start":{"line":38,"column":8},"end":{"line":53,"column":9}},"23":{"start":{"line":40,"column":12},"end":{"line":40,"column":64}},"24":{"start":{"line":42,"column":12},"end":{"line":42,"column":57}},"25":{"start":{"line":44,"column":12},"end":{"line":44,"column":67}},"26":{"start":{"line":46,"column":12},"end":{"line":46,"column":81}},"27":{"start":{"line":48,"column":12},"end":{"line":48,"column":152}},"28":{"start":{"line":50,"column":12},"end":{"line":50,"column":57}},"29":{"start":{"line":52,"column":12},"end":{"line":52,"column":29}},"30":{"start":{"line":57,"column":8},"end":{"line":76,"column":9}},"31":{"start":{"line":60,"column":29},"end":{"line":65,"column":14}},"32":{"start":{"line":66,"column":12},"end":{"line":68,"column":13}},"33":{"start":{"line":67,"column":12},"end":{"line":67,"column":70}},"34":{"start":{"line":69,"column":37},"end":{"line":69,"column":52}},"35":{"start":{"line":70,"column":12},"end":{"line":70,"column":86}},"36":{"start":{"line":71,"column":12},"end":{"line":71,"column":36}},"37":{"start":{"line":74,"column":12},"end":{"line":74,"column":78}},"38":{"start":{"line":75,"column":12},"end":{"line":75,"column":24}},"39":{"start":{"line":82,"column":8},"end":{"line":87,"column":9}},"40":{"start":{"line":83,"column":10},"end":{"line":83,"column":42}},"41":{"start":{"line":85,"column":13},"end":{"line":87,"column":9}},"42":{"start":{"line":86,"column":10},"end":{"line":86,"column":42}},"43":{"start":{"line":89,"column":8},"end":{"line":89,"column":85}},"44":{"start":{"line":91,"column":8},"end":{"line":91,"column":61}},"45":{"start":{"line":92,"column":23},"end":{"line":97,"column":9}},"46":{"start":{"line":99,"column":26},"end":{"line":99,"column":43}},"47":{"start":{"line":100,"column":26},"end":{"line":100,"column":45}},"48":{"start":{"line":102,"column":8},"end":{"line":108,"column":15}},"49":{"start":{"line":104,"column":14},"end":{"line":104,"column":81}},"50":{"start":{"line":105,"column":14},"end":{"line":105,"column":26}},"51":{"start":{"line":107,"column":14},"end":{"line":107,"column":68}},"52":{"start":{"line":110,"column":8},"end":{"line":110,"column":21}},"53":{"start":{"line":118,"column":8},"end":{"line":121,"column":9}},"54":{"start":{"line":119,"column":10},"end":{"line":119,"column":46}},"55":{"start":{"line":120,"column":10},"end":{"line":120,"column":23}},"56":{"start":{"line":122,"column":8},"end":{"line":122,"column":20}},"57":{"start":{"line":127,"column":31},"end":{"line":127,"column":45}},"58":{"start":{"line":128,"column":8},"end":{"line":131,"column":9}},"59":{"start":{"line":129,"column":10},"end":{"line":129,"column":41}},"60":{"start":{"line":130,"column":10},"end":{"line":130,"column":23}},"61":{"start":{"line":132,"column":8},"end":{"line":132,"column":20}},"62":{"start":{"line":136,"column":28},"end":{"line":136,"column":42}},"63":{"start":{"line":137,"column":8},"end":{"line":139,"column":9}},"64":{"start":{"line":138,"column":10},"end":{"line":138,"column":23}},"65":{"start":{"line":140,"column":8},"end":{"line":140,"column":20}},"66":{"start":{"line":144,"column":8},"end":{"line":146,"column":9}},"67":{"start":{"line":145,"column":10},"end":{"line":145,"column":23}},"68":{"start":{"line":147,"column":8},"end":{"line":147,"column":20}},"69":{"start":{"line":152,"column":24},"end":{"line":152,"column":28}},"70":{"start":{"line":153,"column":31},"end":{"line":153,"column":38}},"71":{"start":{"line":154,"column":33},"end":{"line":154,"column":40}},"72":{"start":{"line":156,"column":8},"end":{"line":158,"column":9}},"73":{"start":{"line":157,"column":10},"end":{"line":157,"column":23}},"74":{"start":{"line":159,"column":8},"end":{"line":161,"column":9}},"75":{"start":{"line":160,"column":10},"end":{"line":160,"column":23}},"76":{"start":{"line":162,"column":8},"end":{"line":164,"column":9}},"77":{"start":{"line":163,"column":10},"end":{"line":163,"column":23}},"78":{"start":{"line":165,"column":8},"end":{"line":167,"column":9}},"79":{"start":{"line":166,"column":10},"end":{"line":166,"column":23}},"80":{"start":{"line":171,"column":8},"end":{"line":171,"column":20}},"81":{"start":{"line":175,"column":8},"end":{"line":178,"column":9}},"82":{"start":{"line":176,"column":10},"end":{"line":176,"column":51}},"83":{"start":{"line":177,"column":10},"end":{"line":177,"column":23}},"84":{"start":{"line":179,"column":8},"end":{"line":179,"column":20}},"85":{"start":{"line":183,"column":8},"end":{"line":186,"column":9}},"86":{"start":{"line":184,"column":10},"end":{"line":184,"column":47}},"87":{"start":{"line":185,"column":10},"end":{"line":185,"column":23}},"88":{"start":{"line":187,"column":8},"end":{"line":187,"column":20}},"89":{"start":{"line":191,"column":8},"end":{"line":194,"column":9}},"90":{"start":{"line":192,"column":10},"end":{"line":192,"column":55}},"91":{"start":{"line":193,"column":10},"end":{"line":193,"column":23}},"92":{"start":{"line":195,"column":8},"end":{"line":195,"column":20}},"93":{"start":{"line":199,"column":8},"end":{"line":202,"column":9}},"94":{"start":{"line":200,"column":10},"end":{"line":200,"column":57}},"95":{"start":{"line":201,"column":10},"end":{"line":201,"column":23}},"96":{"start":{"line":203,"column":8},"end":{"line":203,"column":20}},"97":{"start":{"line":207,"column":8},"end":{"line":210,"column":9}},"98":{"start":{"line":208,"column":10},"end":{"line":208,"column":47}},"99":{"start":{"line":209,"column":10},"end":{"line":209,"column":23}},"100":{"start":{"line":211,"column":8},"end":{"line":211,"column":20}},"101":{"start":{"line":215,"column":8},"end":{"line":215,"column":28}},"102":{"start":{"line":218,"column":4},"end":{"line":227,"column":8}},"103":{"start":{"line":230,"column":0},"end":{"line":232,"column":1}},"104":{"start":{"line":231,"column":2},"end":{"line":231,"column":33}}},"fnMap":{"0":{"name":"(anonymous_0)","decl":{"start":{"line":1,"column":21},"end":{"line":1,"column":22}},"loc":{"start":{"line":1,"column":27},"end":{"line":228,"column":1}},"line":1},"1":{"name":"(anonymous_1)","decl":{"start":{"line":5,"column":25},"end":{"line":5,"column":26}},"loc":{"start":{"line":5,"column":54},"end":{"line":15,"column":7}},"line":5},"2":{"name":"checkIfUserInputIsViable","decl":{"start":{"line":17,"column":15},"end":{"line":17,"column":39}},"loc":{"start":{"line":17,"column":95},"end":{"line":35,"column":7}},"line":17},"3":{"name":"getVerificationMessage","decl":{"start":{"line":37,"column":15},"end":{"line":37,"column":37}},"loc":{"start":{"line":37,"column":63},"end":{"line":54,"column":7}},"line":37},"4":{"name":"getVerificationCode","decl":{"start":{"line":56,"column":21},"end":{"line":56,"column":40}},"loc":{"start":{"line":56,"column":43},"end":{"line":77,"column":7}},"line":56},"5":{"name":"sendEmail","decl":{"start":{"line":79,"column":15},"end":{"line":79,"column":24}},"loc":{"start":{"line":79,"column":88},"end":{"line":111,"column":7}},"line":79},"6":{"name":"(anonymous_6)","decl":{"start":{"line":103,"column":18},"end":{"line":103,"column":19}},"loc":{"start":{"line":103,"column":37},"end":{"line":106,"column":13}},"line":103},"7":{"name":"(anonymous_7)","decl":{"start":{"line":106,"column":15},"end":{"line":106,"column":16}},"loc":{"start":{"line":106,"column":31},"end":{"line":108,"column":13}},"line":106},"8":{"name":"checkIfAllFieldsAreFilledIn","decl":{"start":{"line":117,"column":15},"end":{"line":117,"column":42}},"loc":{"start":{"line":117,"column":79},"end":{"line":123,"column":7}},"line":117},"9":{"name":"checkIfEmailAddressIsValid","decl":{"start":{"line":125,"column":15},"end":{"line":125,"column":41}},"loc":{"start":{"line":125,"column":49},"end":{"line":133,"column":7}},"line":125},"10":{"name":"checkIfUserNameHasValidChars","decl":{"start":{"line":135,"column":15},"end":{"line":135,"column":43}},"loc":{"start":{"line":135,"column":54},"end":{"line":141,"column":7}},"line":135},"11":{"name":"checkIfUserNameIsCorrectLength","decl":{"start":{"line":143,"column":15},"end":{"line":143,"column":45}},"loc":{"start":{"line":143,"column":55},"end":{"line":148,"column":7}},"line":143},"12":{"name":"checkIfPasswordIsValid","decl":{"start":{"line":150,"column":15},"end":{"line":150,"column":37}},"loc":{"start":{"line":150,"column":48},"end":{"line":172,"column":7}},"line":150},"13":{"name":"checkPasswordLength","decl":{"start":{"line":174,"column":15},"end":{"line":174,"column":34}},"loc":{"start":{"line":174,"column":44},"end":{"line":180,"column":7}},"line":174},"14":{"name":"checkIfPasswordContainsNumber","decl":{"start":{"line":182,"column":15},"end":{"line":182,"column":44}},"loc":{"start":{"line":182,"column":65},"end":{"line":188,"column":7}},"line":182},"15":{"name":"checkIfPasswordContainsCapitalLetter","decl":{"start":{"line":190,"column":15},"end":{"line":190,"column":51}},"loc":{"start":{"line":190,"column":79},"end":{"line":196,"column":7}},"line":190},"16":{"name":"checkIfPasswordContainsLowercaseLetter","decl":{"start":{"line":198,"column":15},"end":{"line":198,"column":53}},"loc":{"start":{"line":198,"column":83},"end":{"line":204,"column":7}},"line":198},"17":{"name":"checkIfPasswordsMatch","decl":{"start":{"line":206,"column":15},"end":{"line":206,"column":36}},"loc":{"start":{"line":206,"column":65},"end":{"line":212,"column":7}},"line":206},"18":{"name":"isInputEmpty","decl":{"start":{"line":214,"column":15},"end":{"line":214,"column":27}},"loc":{"start":{"line":214,"column":34},"end":{"line":216,"column":7}},"line":214}},"branchMap":{"0":{"loc":{"start":{"line":10,"column":8},"end":{"line":14,"column":9}},"type":"if","locations":[{"start":{"line":10,"column":8},"end":{"line":14,"column":9}},{"start":{"line":12,"column":14},"end":{"line":14,"column":9}}],"line":10},"1":{"loc":{"start":{"line":20,"column":8},"end":{"line":32,"column":9}},"type":"if","locations":[{"start":{"line":20,"column":8},"end":{"line":32,"column":9}},{"start":{"line":22,"column":15},"end":{"line":32,"column":9}}],"line":20},"2":{"loc":{"start":{"line":22,"column":15},"end":{"line":32,"column":9}},"type":"if","locations":[{"start":{"line":22,"column":15},"end":{"line":32,"column":9}},{"start":{"line":24,"column":15},"end":{"line":32,"column":9}}],"line":22},"3":{"loc":{"start":{"line":24,"column":15},"end":{"line":32,"column":9}},"type":"if","locations":[{"start":{"line":24,"column":15},"end":{"line":32,"column":9}},{"start":{"line":26,"column":15},"end":{"line":32,"column":9}}],"line":24},"4":{"loc":{"start":{"line":26,"column":15},"end":{"line":32,"column":9}},"type":"if","locations":[{"start":{"line":26,"column":15},"end":{"line":32,"column":9}},{"start":{"line":28,"column":15},"end":{"line":32,"column":9}}],"line":26},"5":{"loc":{"start":{"line":28,"column":15},"end":{"line":32,"column":9}},"type":"if","locations":[{"start":{"line":28,"column":15},"end":{"line":32,"column":9}},{"start":{"line":30,"column":15},"end":{"line":32,"column":9}}],"line":28},"6":{"loc":{"start":{"line":30,"column":15},"end":{"line":32,"column":9}},"type":"if","locations":[{"start":{"line":30,"column":15},"end":{"line":32,"column":9}},{"start":{},"end":{}}],"line":30},"7":{"loc":{"start":{"line":38,"column":8},"end":{"line":53,"column":9}},"type":"switch","locations":[{"start":{"line":39,"column":10},"end":{"line":40,"column":64}},{"start":{"line":41,"column":10},"end":{"line":42,"column":57}},{"start":{"line":43,"column":10},"end":{"line":44,"column":67}},{"start":{"line":45,"column":10},"end":{"line":46,"column":81}},{"start":{"line":47,"column":10},"end":{"line":48,"column":152}},{"start":{"line":49,"column":10},"end":{"line":50,"column":57}},{"start":{"line":51,"column":10},"end":{"line":52,"column":29}}],"line":38},"8":{"loc":{"start":{"line":66,"column":12},"end":{"line":68,"column":13}},"type":"if","locations":[{"start":{"line":66,"column":12},"end":{"line":68,"column":13}},{"start":{},"end":{}}],"line":66},"9":{"loc":{"start":{"line":82,"column":8},"end":{"line":87,"column":9}},"type":"if","locations":[{"start":{"line":82,"column":8},"end":{"line":87,"column":9}},{"start":{"line":85,"column":13},"end":{"line":87,"column":9}}],"line":82},"10":{"loc":{"start":{"line":85,"column":13},"end":{"line":87,"column":9}},"type":"if","locations":[{"start":{"line":85,"column":13},"end":{"line":87,"column":9}},{"start":{},"end":{}}],"line":85},"11":{"loc":{"start":{"line":118,"column":8},"end":{"line":121,"column":9}},"type":"if","locations":[{"start":{"line":118,"column":8},"end":{"line":121,"column":9}},{"start":{},"end":{}}],"line":118},"12":{"loc":{"start":{"line":118,"column":11},"end":{"line":118,"column":80}},"type":"binary-expr","locations":[{"start":{"line":118,"column":11},"end":{"line":118,"column":26}},{"start":{"line":118,"column":30},"end":{"line":118,"column":42}},{"start":{"line":118,"column":46},"end":{"line":118,"column":61}},{"start":{"line":118,"column":65},"end":{"line":118,"column":80}}],"line":118},"13":{"loc":{"start":{"line":128,"column":8},"end":{"line":131,"column":9}},"type":"if","locations":[{"start":{"line":128,"column":8},"end":{"line":131,"column":9}},{"start":{},"end":{}}],"line":128},"14":{"loc":{"start":{"line":137,"column":8},"end":{"line":139,"column":9}},"type":"if","locations":[{"start":{"line":137,"column":8},"end":{"line":139,"column":9}},{"start":{},"end":{}}],"line":137},"15":{"loc":{"start":{"line":144,"column":8},"end":{"line":146,"column":9}},"type":"if","locations":[{"start":{"line":144,"column":8},"end":{"line":146,"column":9}},{"start":{},"end":{}}],"line":144},"16":{"loc":{"start":{"line":144,"column":11},"end":{"line":144,"column":54}},"type":"binary-expr","locations":[{"start":{"line":144,"column":11},"end":{"line":144,"column":31}},{"start":{"line":144,"column":35},"end":{"line":144,"column":54}}],"line":144},"17":{"loc":{"start":{"line":156,"column":8},"end":{"line":158,"column":9}},"type":"if","locations":[{"start":{"line":156,"column":8},"end":{"line":158,"column":9}},{"start":{},"end":{}}],"line":156},"18":{"loc":{"start":{"line":159,"column":8},"end":{"line":161,"column":9}},"type":"if","locations":[{"start":{"line":159,"column":8},"end":{"line":161,"column":9}},{"start":{},"end":{}}],"line":159},"19":{"loc":{"start":{"line":162,"column":8},"end":{"line":164,"column":9}},"type":"if","locations":[{"start":{"line":162,"column":8},"end":{"line":164,"column":9}},{"start":{},"end":{}}],"line":162},"20":{"loc":{"start":{"line":165,"column":8},"end":{"line":167,"column":9}},"type":"if","locations":[{"start":{"line":165,"column":8},"end":{"line":167,"column":9}},{"start":{},"end":{}}],"line":165},"21":{"loc":{"start":{"line":175,"column":8},"end":{"line":178,"column":9}},"type":"if","locations":[{"start":{"line":175,"column":8},"end":{"line":178,"column":9}},{"start":{},"end":{}}],"line":175},"22":{"loc":{"start":{"line":175,"column":11},"end":{"line":175,"column":54}},"type":"binary-expr","locations":[{"start":{"line":175,"column":11},"end":{"line":175,"column":31}},{"start":{"line":175,"column":35},"end":{"line":175,"column":54}}],"line":175},"23":{"loc":{"start":{"line":183,"column":8},"end":{"line":186,"column":9}},"type":"if","locations":[{"start":{"line":183,"column":8},"end":{"line":186,"column":9}},{"start":{},"end":{}}],"line":183},"24":{"loc":{"start":{"line":191,"column":8},"end":{"line":194,"column":9}},"type":"if","locations":[{"start":{"line":191,"column":8},"end":{"line":194,"column":9}},{"start":{},"end":{}}],"line":191},"25":{"loc":{"start":{"line":199,"column":8},"end":{"line":202,"column":9}},"type":"if","locations":[{"start":{"line":199,"column":8},"end":{"line":202,"column":9}},{"start":{},"end":{}}],"line":199},"26":{"loc":{"start":{"line":207,"column":8},"end":{"line":210,"column":9}},"type":"if","locations":[{"start":{"line":207,"column":8},"end":{"line":210,"column":9}},{"start":{},"end":{}}],"line":207},"27":{"loc":{"start":{"line":230,"column":0},"end":{"line":232,"column":1}},"type":"if","locations":[{"start":{"line":230,"column":0},"end":{"line":232,"column":1}},{"start":{},"end":{}}],"line":230}},"s":{"0":1,"1":1,"2":0,"3":0,"4":0,"5":0,"6":0,"7":0,"8":11,"9":11,"10":4,"11":7,"12":1,"13":6,"14":1,"15":5,"16":2,"17":3,"18":1,"19":2,"20":1,"21":1,"22":7,"23":1,"24":1,"25":1,"26":1,"27":1,"28":1,"29":1,"30":1,"31":1,"32":1,"33":0,"34":1,"35":1,"36":1,"37":0,"38":0,"39":1,"40":1,"41":0,"42":0,"43":1,"44":1,"45":1,"46":1,"47":1,"48":1,"49":0,"50":0,"51":0,"52":0,"53":11,"54":4,"55":4,"56":7,"57":7,"58":7,"59":1,"60":1,"61":6,"62":6,"63":6,"64":1,"65":5,"66":5,"67":2,"68":3,"69":17,"70":17,"71":17,"72":17,"73":3,"74":14,"75":2,"76":12,"77":1,"78":11,"79":1,"80":10,"81":17,"82":3,"83":3,"84":14,"85":14,"86":2,"87":2,"88":12,"89":12,"90":1,"91":1,"92":11,"93":11,"94":1,"95":1,"96":10,"97":4,"98":2,"99":2,"100":2,"101":2,"102":1,"103":1,"104":1},"f":{"0":1,"1":0,"2":11,"3":7,"4":1,"5":1,"6":0,"7":0,"8":11,"9":7,"10":6,"11":5,"12":17,"13":17,"14":14,"15":12,"16":11,"17":4,"18":2},"b":{"0":[0,0],"1":[4,7],"2":[1,6],"3":[1,5],"4":[2,3],"5":[1,2],"6":[1,1],"7":[1,1,1,1,1,1,1],"8":[0,1],"9":[1,0],"10":[0,0],"11":[4,7],"12":[11,10,9,8],"13":[1,6],"14":[1,5],"15":[2,3],"16":[5,4],"17":[3,14],"18":[2,12],"19":[1,11],"20":[1,10],"21":[3,14],"22":[17,16],"23":[2,12],"24":[1,11],"25":[1,10],"26":[2,2],"27":[1,0]},"_coverageSchema":"1a1c01bbd47fc00a2c39e90264f33305004495a9","hash":"9cac718d6f459cd739fdc9c88e3f45a9a91cac89"}
}
