TN:
SF:client/public/processingAlgorithms/testRefactorMethods.js
FN:1,(anonymous_0)
FN:5,(anonymous_1)
FN:16,checkIfUserInputIsViable
FN:36,getVerificationMessage
FN:55,getVerificationCode
FN:76,sendEmail
FN:105,(anonymous_6)
FN:108,(anonymous_7)
FN:116,checkIfAllFieldsAreFilledIn
FN:124,checkIfEmailAddressIsValid
FN:134,checkIfUserNameHasValidChars
FN:142,checkIfUserNameIsCorrectLength
FN:149,checkIfPasswordIsValid
FN:168,checkPasswordLength
FN:176,checkIfPasswordContainsNumber
FN:184,checkIfPasswordContainsCapitalLetter
FN:192,checkIfPasswordContainsLowercaseLetter
FN:200,checkIfPasswordsMatch
FN:208,isInputEmpty
FNF:19
FNH:17
FNDA:2,(anonymous_0)
FNDA:0,(anonymous_1)
FNDA:11,checkIfUserInputIsViable
FNDA:7,getVerificationMessage
FNDA:1,getVerificationCode
FNDA:1,sendEmail
FNDA:1,(anonymous_6)
FNDA:0,(anonymous_7)
FNDA:11,checkIfAllFieldsAreFilledIn
FNDA:7,checkIfEmailAddressIsValid
FNDA:6,checkIfUserNameHasValidChars
FNDA:5,checkIfUserNameIsCorrectLength
FNDA:17,checkIfPasswordIsValid
FNDA:17,checkPasswordLength
FNDA:14,checkIfPasswordContainsNumber
FNDA:12,checkIfPasswordContainsCapitalLetter
FNDA:11,checkIfPasswordContainsLowercaseLetter
FNDA:4,checkIfPasswordsMatch
FNDA:2,isInputEmpty
DA:1,2
DA:5,2
DA:6,0
DA:7,0
DA:8,0
DA:9,0
DA:10,0
DA:12,0
DA:17,11
DA:19,11
DA:20,4
DA:21,7
DA:22,1
DA:23,6
DA:24,1
DA:25,5
DA:26,2
DA:27,3
DA:28,1
DA:29,2
DA:30,1
DA:33,1
DA:37,7
DA:39,1
DA:41,1
DA:43,1
DA:45,1
DA:47,1
DA:49,1
DA:51,1
DA:56,1
DA:57,1
DA:63,1
DA:64,0
DA:66,1
DA:67,1
DA:68,1
DA:71,0
DA:72,0
DA:78,1
DA:79,1
DA:81,0
DA:82,0
DA:85,1
DA:87,1
DA:88,1
DA:95,1
DA:96,1
DA:97,1
DA:98,1
DA:99,1
DA:101,1
DA:102,1
DA:104,1
DA:106,1
DA:107,1
DA:109,0
DA:112,1
DA:117,11
DA:118,4
DA:119,4
DA:121,7
DA:126,7
DA:127,7
DA:128,1
DA:129,1
DA:131,6
DA:135,6
DA:136,6
DA:137,1
DA:139,5
DA:143,5
DA:144,2
DA:146,3
DA:151,17
DA:152,17
DA:153,17
DA:155,17
DA:156,17
DA:157,3
DA:158,14
DA:159,2
DA:160,12
DA:161,1
DA:162,11
DA:163,1
DA:165,17
DA:169,17
DA:170,3
DA:171,3
DA:173,14
DA:177,14
DA:178,2
DA:179,2
DA:181,12
DA:185,12
DA:186,1
DA:187,1
DA:189,11
DA:193,11
DA:194,1
DA:195,1
DA:197,10
DA:201,4
DA:202,2
DA:203,2
DA:205,2
DA:209,2
DA:212,2
DA:224,2
DA:225,2
LF:111
LH:99
BRDA:9,0,0,0
BRDA:9,0,1,0
BRDA:19,1,0,4
BRDA:19,1,1,7
BRDA:21,2,0,1
BRDA:21,2,1,6
BRDA:23,3,0,1
BRDA:23,3,1,5
BRDA:25,4,0,2
BRDA:25,4,1,3
BRDA:27,5,0,1
BRDA:27,5,1,2
BRDA:29,6,0,1
BRDA:29,6,1,1
BRDA:37,7,0,1
BRDA:37,7,1,1
BRDA:37,7,2,1
BRDA:37,7,3,1
BRDA:37,7,4,1
BRDA:37,7,5,1
BRDA:37,7,6,1
BRDA:63,8,0,0
BRDA:63,8,1,1
BRDA:78,9,0,1
BRDA:78,9,1,0
BRDA:81,10,0,0
BRDA:81,10,1,0
BRDA:117,11,0,4
BRDA:117,11,1,7
BRDA:117,12,0,11
BRDA:117,12,1,10
BRDA:117,12,2,9
BRDA:117,12,3,8
BRDA:127,13,0,1
BRDA:127,13,1,6
BRDA:136,14,0,1
BRDA:136,14,1,5
BRDA:143,15,0,2
BRDA:143,15,1,3
BRDA:143,16,0,5
BRDA:143,16,1,4
BRDA:156,17,0,3
BRDA:156,17,1,14
BRDA:158,18,0,2
BRDA:158,18,1,12
BRDA:160,19,0,1
BRDA:160,19,1,11
BRDA:162,20,0,1
BRDA:162,20,1,10
BRDA:169,21,0,3
BRDA:169,21,1,14
BRDA:169,22,0,17
BRDA:169,22,1,16
BRDA:177,23,0,2
BRDA:177,23,1,12
BRDA:185,24,0,1
BRDA:185,24,1,11
BRDA:193,25,0,1
BRDA:193,25,1,10
BRDA:201,26,0,2
BRDA:201,26,1,2
BRDA:224,27,0,2
BRDA:224,27,1,0
BRF:63
BRH:56
end_of_record
TN:
SF:client/public/processingAlgorithms/verificationCode.js
FN:4,(anonymous_0)
FN:5,(anonymous_1)
FN:35,(anonymous_2)
FN:47,(anonymous_3)
FN:53,(anonymous_4)
FN:64,(anonymous_5)
FN:91,(anonymous_6)
FN:103,(anonymous_7)
FN:110,(anonymous_8)
FN:122,(anonymous_9)
FN:154,(anonymous_10)
FN:162,(anonymous_11)
FN:169,(anonymous_12)
FN:176,resendVerificationStatusLogin
FN:202,(anonymous_14)
FN:210,(anonymous_15)
FN:217,(anonymous_16)
FN:225,sendEmail
FN:241,(anonymous_18)
FN:244,(anonymous_19)
FN:251,getUserEmail
FN:261,(anonymous_21)
FN:268,(anonymous_22)
FN:271,(anonymous_23)
FNF:24
FNH:18
FNDA:1,(anonymous_0)
FNDA:1,(anonymous_1)
FNDA:1,(anonymous_2)
FNDA:1,(anonymous_3)
FNDA:0,(anonymous_4)
FNDA:1,(anonymous_5)
FNDA:1,(anonymous_6)
FNDA:1,(anonymous_7)
FNDA:0,(anonymous_8)
FNDA:1,(anonymous_9)
FNDA:1,(anonymous_10)
FNDA:1,(anonymous_11)
FNDA:0,(anonymous_12)
FNDA:1,resendVerificationStatusLogin
FNDA:1,(anonymous_14)
FNDA:1,(anonymous_15)
FNDA:0,(anonymous_16)
FNDA:3,sendEmail
FNDA:3,(anonymous_18)
FNDA:0,(anonymous_19)
FNDA:2,getUserEmail
FNDA:2,(anonymous_21)
FNDA:2,(anonymous_22)
FNDA:0,(anonymous_23)
DA:4,1
DA:5,1
DA:6,1
DA:7,1
DA:8,1
DA:10,1
DA:11,1
DA:12,1
DA:13,1
DA:14,1
DA:15,0
DA:16,0
DA:17,1
DA:18,0
DA:19,0
DA:20,1
DA:21,0
DA:22,0
DA:25,1
DA:36,1
DA:37,0
DA:38,0
DA:39,0
DA:40,1
DA:41,0
DA:42,0
DA:43,0
DA:45,1
DA:48,1
DA:50,1
DA:51,1
DA:54,0
DA:55,0
DA:56,0
DA:58,0
DA:61,1
DA:64,1
DA:65,1
DA:66,1
DA:68,1
DA:69,1
DA:71,1
DA:73,1
DA:74,0
DA:75,0
DA:76,1
DA:77,0
DA:78,0
DA:81,1
DA:92,1
DA:93,0
DA:94,0
DA:95,0
DA:96,1
DA:97,0
DA:98,0
DA:99,0
DA:101,1
DA:104,1
DA:107,1
DA:108,1
DA:111,0
DA:112,0
DA:113,0
DA:115,0
DA:119,1
DA:122,1
DA:123,1
DA:124,1
DA:126,1
DA:127,1
DA:128,1
DA:129,1
DA:131,1
DA:132,0
DA:133,0
DA:134,1
DA:135,0
DA:136,0
DA:137,1
DA:138,0
DA:139,0
DA:141,1
DA:142,1
DA:144,1
DA:155,1
DA:156,0
DA:157,0
DA:158,0
DA:160,1
DA:163,1
DA:166,1
DA:167,1
DA:170,0
DA:173,1
DA:177,1
DA:178,1
DA:180,1
DA:181,1
DA:183,1
DA:184,0
DA:185,0
DA:187,1
DA:189,1
DA:190,1
DA:192,1
DA:203,1
DA:204,0
DA:205,0
DA:206,0
DA:208,1
DA:211,1
DA:214,1
DA:215,1
DA:218,0
DA:221,1
DA:226,3
DA:228,3
DA:229,3
DA:236,3
DA:237,3
DA:238,3
DA:240,3
DA:242,3
DA:243,3
DA:245,0
DA:248,3
DA:252,2
DA:262,2
DA:263,0
DA:264,0
DA:265,0
DA:267,2
DA:269,2
DA:272,0
DA:274,2
DA:277,1
DA:288,1
DA:289,1
LF:139
LH:88
BRDA:10,0,0,1
BRDA:10,0,1,0
BRDA:11,1,0,1
BRDA:11,1,1,0
BRDA:13,2,0,1
BRDA:13,2,1,0
BRDA:14,3,0,0
BRDA:14,3,1,1
BRDA:17,4,0,0
BRDA:17,4,1,1
BRDA:20,5,0,0
BRDA:20,5,1,1
BRDA:36,6,0,0
BRDA:36,6,1,1
BRDA:40,7,0,0
BRDA:40,7,1,1
BRDA:55,8,0,0
BRDA:55,8,1,0
BRDA:68,9,0,1
BRDA:68,9,1,0
BRDA:71,10,0,1
BRDA:71,10,1,0
BRDA:73,11,0,0
BRDA:73,11,1,1
BRDA:76,12,0,0
BRDA:76,12,1,1
BRDA:92,13,0,0
BRDA:92,13,1,1
BRDA:96,14,0,0
BRDA:96,14,1,1
BRDA:112,15,0,0
BRDA:112,15,1,0
BRDA:126,16,0,1
BRDA:126,16,1,0
BRDA:128,17,0,1
BRDA:128,17,1,0
BRDA:129,18,0,1
BRDA:129,18,1,0
BRDA:131,19,0,0
BRDA:131,19,1,1
BRDA:134,20,0,0
BRDA:134,20,1,1
BRDA:137,21,0,0
BRDA:137,21,1,1
BRDA:155,22,0,0
BRDA:155,22,1,1
BRDA:180,23,0,1
BRDA:180,23,1,0
BRDA:183,24,0,0
BRDA:183,24,1,1
BRDA:203,25,0,0
BRDA:203,25,1,1
BRDA:262,26,0,0
BRDA:262,26,1,2
BRDA:288,27,0,1
BRDA:288,27,1,0
BRF:56
BRH:26
end_of_record
