TN:
SF:client/public/processingAlgorithms/testRefactorMethods.js
FN:1,(anonymous_0)
FN:5,(anonymous_1)
FN:17,checkIfUserInputIsViable
FN:37,getVerificationMessage
FN:56,getVerificationCode
FN:77,sendEmail
FN:101,(anonymous_6)
FN:104,(anonymous_7)
FN:115,checkIfAllFieldsAreFilledIn
FN:123,checkIfEmailAddressIsValid
FN:133,checkIfUserNameHasValidChars
FN:141,checkIfUserNameIsCorrectLength
FN:148,checkIfPasswordIsValid
FN:172,checkPasswordLength
FN:180,checkIfPasswordContainsNumber
FN:188,checkIfPasswordContainsCapitalLetter
FN:196,checkIfPasswordContainsLowercaseLetter
FN:204,checkIfPasswordsMatch
FN:212,isInputEmpty
FNF:19
FNH:8
FNDA:1,(anonymous_0)
FNDA:0,(anonymous_1)
FNDA:0,checkIfUserInputIsViable
FNDA:0,getVerificationMessage
FNDA:0,getVerificationCode
FNDA:0,sendEmail
FNDA:0,(anonymous_6)
FNDA:0,(anonymous_7)
FNDA:0,checkIfAllFieldsAreFilledIn
FNDA:0,checkIfEmailAddressIsValid
FNDA:0,checkIfUserNameHasValidChars
FNDA:0,checkIfUserNameIsCorrectLength
FNDA:6,checkIfPasswordIsValid
FNDA:6,checkPasswordLength
FNDA:4,checkIfPasswordContainsNumber
FNDA:2,checkIfPasswordContainsCapitalLetter
FNDA:2,checkIfPasswordContainsLowercaseLetter
FNDA:2,checkIfPasswordsMatch
FNDA:2,isInputEmpty
DA:1,1
DA:5,1
DA:7,0
DA:8,0
DA:9,0
DA:10,0
DA:11,0
DA:13,0
DA:18,0
DA:20,0
DA:21,0
DA:22,0
DA:23,0
DA:24,0
DA:25,0
DA:26,0
DA:27,0
DA:28,0
DA:29,0
DA:30,0
DA:31,0
DA:34,0
DA:38,0
DA:40,0
DA:42,0
DA:44,0
DA:46,0
DA:48,0
DA:50,0
DA:52,0
DA:57,0
DA:58,0
DA:64,0
DA:65,0
DA:67,0
DA:68,0
DA:69,0
DA:72,0
DA:73,0
DA:80,0
DA:81,0
DA:83,0
DA:84,0
DA:87,0
DA:89,0
DA:90,0
DA:97,0
DA:98,0
DA:100,0
DA:102,0
DA:103,0
DA:105,0
DA:108,0
DA:116,0
DA:117,0
DA:118,0
DA:120,0
DA:125,0
DA:126,0
DA:127,0
DA:128,0
DA:130,0
DA:134,0
DA:135,0
DA:136,0
DA:138,0
DA:142,0
DA:143,0
DA:145,0
DA:150,6
DA:151,6
DA:152,6
DA:154,6
DA:155,2
DA:157,4
DA:158,2
DA:160,2
DA:161,0
DA:163,2
DA:164,1
DA:169,1
DA:173,6
DA:174,2
DA:175,2
DA:177,4
DA:181,4
DA:182,2
DA:183,2
DA:185,2
DA:189,2
DA:190,0
DA:191,0
DA:193,2
DA:197,2
DA:198,1
DA:199,1
DA:201,1
DA:205,2
DA:206,1
DA:207,1
DA:209,1
DA:213,2
DA:216,1
DA:228,1
DA:229,1
LF:105
LH:35
BRDA:10,0,0,0
BRDA:10,0,1,0
BRDA:20,1,0,0
BRDA:20,1,1,0
BRDA:22,2,0,0
BRDA:22,2,1,0
BRDA:24,3,0,0
BRDA:24,3,1,0
BRDA:26,4,0,0
BRDA:26,4,1,0
BRDA:28,5,0,0
BRDA:28,5,1,0
BRDA:30,6,0,0
BRDA:30,6,1,0
BRDA:38,7,0,0
BRDA:38,7,1,0
BRDA:38,7,2,0
BRDA:38,7,3,0
BRDA:38,7,4,0
BRDA:38,7,5,0
BRDA:38,7,6,0
BRDA:64,8,0,0
BRDA:64,8,1,0
BRDA:80,9,0,0
BRDA:80,9,1,0
BRDA:83,10,0,0
BRDA:83,10,1,0
BRDA:116,11,0,0
BRDA:116,11,1,0
BRDA:116,12,0,0
BRDA:116,12,1,0
BRDA:116,12,2,0
BRDA:116,12,3,0
BRDA:126,13,0,0
BRDA:126,13,1,0
BRDA:135,14,0,0
BRDA:135,14,1,0
BRDA:142,15,0,0
BRDA:142,15,1,0
BRDA:142,16,0,0
BRDA:142,16,1,0
BRDA:154,17,0,2
BRDA:154,17,1,4
BRDA:157,18,0,2
BRDA:157,18,1,2
BRDA:160,19,0,0
BRDA:160,19,1,2
BRDA:163,20,0,1
BRDA:163,20,1,1
BRDA:173,21,0,2
BRDA:173,21,1,4
BRDA:173,22,0,6
BRDA:173,22,1,5
BRDA:181,23,0,2
BRDA:181,23,1,2
BRDA:189,24,0,0
BRDA:189,24,1,2
BRDA:197,25,0,1
BRDA:197,25,1,1
BRDA:205,26,0,1
BRDA:205,26,1,1
BRDA:228,27,0,1
BRDA:228,27,1,0
BRF:63
BRH:19
end_of_record
